<?xml version="1.0" encoding="UTF-8"?>
<!-- Generated by org.testng.reporters.JUnitReportReporter -->
<testsuite hostname="mbp16.local" failures="1" tests="1" name="checkerpackage.CheckProductStock" time="0.107" errors="0" timestamp="2020-04-21T22:24:36 GMT-04:00" skipped="0">
  <testcase classname="checkerpackage.CheckProductStock" name="checkIfProductIsOOS" time="0.107">
    <failure message="did not expect to find [OUT OF STOCK] but found [OUT OF STOCK]" type="java.lang.AssertionError">
      <![CDATA[java.lang.AssertionError: did not expect to find [OUT OF STOCK] but found [OUT OF STOCK]
at org.testng.Assert.fail(Assert.java:97)
at org.testng.Assert.assertNotEquals(Assert.java:1401)
at org.testng.Assert.assertNotEquals(Assert.java:1406)
at checkerpackage.CheckProductStock.checkIfProductIsOOS(CheckProductStock.java:33)
at java.base/jdk.internal.reflect.NativeMethodAccessorImpl.invoke0(Native Method)
at java.base/jdk.internal.reflect.NativeMethodAccessorImpl.invoke(NativeMethodAccessorImpl.java:62)
at java.base/jdk.internal.reflect.DelegatingMethodAccessorImpl.invoke(DelegatingMethodAccessorImpl.java:43)
at java.base/java.lang.reflect.Method.invoke(Method.java:567)
at org.testng.internal.MethodInvocationHelper.invokeMethod(MethodInvocationHelper.java:133)
at org.testng.internal.TestInvoker.invokeMethod(TestInvoker.java:584)
at org.testng.internal.TestInvoker.invokeTestMethod(TestInvoker.java:172)
at org.testng.internal.MethodRunner.runInSequence(MethodRunner.java:46)
at org.testng.internal.TestInvoker$MethodInvocationAgent.invoke(TestInvoker.java:804)
at org.testng.internal.TestInvoker.invokeTestMethods(TestInvoker.java:145)
at org.testng.internal.TestMethodWorker.invokeTestMethods(TestMethodWorker.java:146)
at org.testng.internal.TestMethodWorker.run(TestMethodWorker.java:128)
at java.base/java.util.concurrent.ThreadPoolExecutor.runWorker(ThreadPoolExecutor.java:1128)
at java.base/java.util.concurrent.ThreadPoolExecutor$Worker.run(ThreadPoolExecutor.java:628)
at java.base/java.lang.Thread.run(Thread.java:830)
]]>
    </failure>
  </testcase> <!-- checkIfProductIsOOS -->
</testsuite> <!-- checkerpackage.CheckProductStock -->
