<?xml version="1.0" encoding="UTF-8"?>
<!-- Generated by org.testng.reporters.JUnitReportReporter -->
<testsuite hostname="mbp16.lan1" failures="0" tests="3" name="checkerpackage.FirstTestNGFile" time="0.031" errors="0" timestamp="2020-04-21T14:37:58 GMT-04:00" skipped="0">
  <testcase classname="checkerpackage.FirstTestNGFile" name="verifyHomepageTitleChromeDriver1" time="0.017"/>
  <testcase classname="checkerpackage.FirstTestNGFile" name="verifyHomepageTitleChromeDriver2" time="0.010"/>
  <testcase classname="checkerpackage.FirstTestNGFile" name="verifyHomepageTitleFirefox" time="0.004"/>
</testsuite> <!-- checkerpackage.FirstTestNGFile -->
